<?xml version="1.0" encoding="UTF-8"?>
<testng-results ignored="0" total="1" passed="1" failed="0" skipped="0">
  <reporter-output>
  </reporter-output>
  <suite started-at="2024-11-28T21:45:39 IST" name="Default suite" finished-at="2024-11-28T21:45:54 IST" duration-ms="15195">
    <groups>
    </groups>
    <test started-at="2024-11-28T21:45:39 IST" name="Default test" finished-at="2024-11-28T21:45:54 IST" duration-ms="15195">
      <class name="com.crm.Organizations.TC_VT_003_TEST_TEST">
        <test-method is-config="true" signature="reportconfig()[pri:0, instance:com.crm.Organizations.TC_VT_003_TEST_TEST@9d5509a]" started-at="2024-11-28T21:45:39 IST" name="reportconfig" finished-at="2024-11-28T21:45:39 IST" duration-ms="249" status="PASS">
          <reporter-output>
          </reporter-output>
        </test-method> <!-- reportconfig -->
        <test-method is-config="true" signature="launchBrowser(java.lang.String)[pri:0, instance:com.crm.Organizations.TC_VT_003_TEST_TEST@9d5509a]" started-at="2024-11-28T21:45:39 IST" name="launchBrowser" finished-at="2024-11-28T21:45:42 IST" duration-ms="3028" status="PASS">
          <params>
            <param index="0">
              <value>
                <![CDATA[Chrome]]>
              </value>
            </param>
          </params>
          <reporter-output>
          </reporter-output>
        </test-method> <!-- launchBrowser -->
        <test-method is-config="true" signature="login()[pri:0, instance:com.crm.Organizations.TC_VT_003_TEST_TEST@9d5509a]" started-at="2024-11-28T21:45:42 IST" name="login" finished-at="2024-11-28T21:45:45 IST" duration-ms="2230" status="PASS">
          <reporter-output>
          </reporter-output>
        </test-method> <!-- login -->
        <test-method signature="createContacts()[pri:0, instance:com.crm.Organizations.TC_VT_003_TEST_TEST@9d5509a]" started-at="2024-11-28T21:45:45 IST" name="createContacts" finished-at="2024-11-28T21:45:53 IST" duration-ms="8605" status="PASS">
          <reporter-output>
          </reporter-output>
        </test-method> <!-- createContacts -->
        <test-method is-config="true" signature="logout()[pri:0, instance:com.crm.Organizations.TC_VT_003_TEST_TEST@9d5509a]" started-at="2024-11-28T21:45:53 IST" name="logout" finished-at="2024-11-28T21:45:54 IST" duration-ms="1115" status="PASS">
          <reporter-output>
          </reporter-output>
        </test-method> <!-- logout -->
        <test-method is-config="true" signature="closeBrowser()[pri:0, instance:com.crm.Organizations.TC_VT_003_TEST_TEST@9d5509a]" started-at="2024-11-28T21:45:54 IST" name="closeBrowser" finished-at="2024-11-28T21:45:54 IST" duration-ms="183" status="PASS">
          <reporter-output>
          </reporter-output>
        </test-method> <!-- closeBrowser -->
        <test-method is-config="true" signature="reportBackUp()[pri:0, instance:com.crm.Organizations.TC_VT_003_TEST_TEST@9d5509a]" started-at="2024-11-28T21:45:54 IST" name="reportBackUp" finished-at="2024-11-28T21:45:55 IST" duration-ms="440" status="PASS">
          <reporter-output>
          </reporter-output>
        </test-method> <!-- reportBackUp -->
      </class> <!-- com.crm.Organizations.TC_VT_003_TEST_TEST -->
    </test> <!-- Default test -->
  </suite> <!-- Default suite -->
</testng-results>
