<?xml version="1.0" encoding="UTF-8"?>
<testng-results ignored="0" total="1" passed="1" failed="0" skipped="0">
  <reporter-output>
  </reporter-output>
  <suite started-at="2024-11-28T12:53:33 IST" name="Default suite" finished-at="2024-11-28T12:54:03 IST" duration-ms="30672">
    <groups>
    </groups>
    <test started-at="2024-11-28T12:53:33 IST" name="Default test" finished-at="2024-11-28T12:54:03 IST" duration-ms="30672">
      <class name="com.crm.Organizations.TC_VT_002_TEST_TEST">
        <test-method is-config="true" signature="reportconfig()[pri:0, instance:com.crm.Organizations.TC_VT_002_TEST_TEST@9d5509a]" started-at="2024-11-28T12:53:32 IST" name="reportconfig" finished-at="2024-11-28T12:53:33 IST" duration-ms="345" status="PASS">
          <reporter-output>
          </reporter-output>
        </test-method> <!-- reportconfig -->
        <test-method is-config="true" signature="launchBrowser(java.lang.String)[pri:0, instance:com.crm.Organizations.TC_VT_002_TEST_TEST@9d5509a]" started-at="2024-11-28T12:53:33 IST" name="launchBrowser" finished-at="2024-11-28T12:53:38 IST" duration-ms="4990" status="PASS">
          <params>
            <param index="0">
              <value>
                <![CDATA[Chrome]]>
              </value>
            </param>
          </params>
          <reporter-output>
          </reporter-output>
        </test-method> <!-- launchBrowser -->
        <test-method is-config="true" signature="login()[pri:0, instance:com.crm.Organizations.TC_VT_002_TEST_TEST@9d5509a]" started-at="2024-11-28T12:53:38 IST" name="login" finished-at="2024-11-28T12:53:42 IST" duration-ms="4642" status="PASS">
          <reporter-output>
          </reporter-output>
        </test-method> <!-- login -->
        <test-method signature="createOrganization()[pri:0, instance:com.crm.Organizations.TC_VT_002_TEST_TEST@9d5509a]" started-at="2024-11-28T12:53:42 IST" name="createOrganization" finished-at="2024-11-28T12:54:00 IST" duration-ms="17910" status="PASS">
          <reporter-output>
          </reporter-output>
        </test-method> <!-- createOrganization -->
        <test-method is-config="true" signature="logout()[pri:0, instance:com.crm.Organizations.TC_VT_002_TEST_TEST@9d5509a]" started-at="2024-11-28T12:54:00 IST" name="logout" finished-at="2024-11-28T12:54:03 IST" duration-ms="2754" status="PASS">
          <reporter-output>
          </reporter-output>
        </test-method> <!-- logout -->
        <test-method is-config="true" signature="closeBrowser()[pri:0, instance:com.crm.Organizations.TC_VT_002_TEST_TEST@9d5509a]" started-at="2024-11-28T12:54:03 IST" name="closeBrowser" finished-at="2024-11-28T12:54:03 IST" duration-ms="329" status="PASS">
          <reporter-output>
          </reporter-output>
        </test-method> <!-- closeBrowser -->
        <test-method is-config="true" signature="reportBackUp()[pri:0, instance:com.crm.Organizations.TC_VT_002_TEST_TEST@9d5509a]" started-at="2024-11-28T12:54:04 IST" name="reportBackUp" finished-at="2024-11-28T12:54:04 IST" duration-ms="836" status="PASS">
          <reporter-output>
          </reporter-output>
        </test-method> <!-- reportBackUp -->
      </class> <!-- com.crm.Organizations.TC_VT_002_TEST_TEST -->
    </test> <!-- Default test -->
  </suite> <!-- Default suite -->
</testng-results>
